current directory: /home/runner/work/beginning-R/beginning-R/.vendor/bundle/ruby/2.7.0/gems/bigdecimal-3.1.4/ext/bigdecimal
/opt/hostedtoolcache/Ruby/2.7.8/x64/bin/ruby -I /opt/hostedtoolcache/Ruby/2.7.8/x64/lib/ruby/2.7.0 -r ./siteconf20231114-15009-1xlfzn6.rb extconf.rb
checking for __builtin_clz()... yes
checking for __builtin_clzl()... yes
checking for __builtin_clzll()... yes
checking for float.h... yes
checking for math.h... yes
checking for stdbool.h... yes
checking for stdlib.h... yes
checking for x86intrin.h... yes
checking for _lzcnt_u32() in x86intrin.h... no
checking for _lzcnt_u64() in x86intrin.h... no
checking for intrin.h... no
checking for __lzcnt() in intrin.h... no
checking for __lzcnt64() in intrin.h... no
checking for _BitScanReverse() in intrin.h... no
checking for _BitScanReverse64() in intrin.h... no
checking for labs() in stdlib.h... yes
checking for llabs() in stdlib.h... yes
checking for finite() in math.h... yes
checking for isfinite() in math.h... no
checking for ruby/atomic.h... no
checking for ruby/internal/has/builtin.h... no
checking for ruby/internal/static_assert.h... no
checking for rb_rational_num() in ruby.h... yes
checking for rb_rational_den() in ruby.h... yes
checking for rb_complex_real() in ruby.h... yes
checking for rb_complex_imag() in ruby.h... yes
checking for rb_opts_exception_p() in ruby.h... yes
checking for rb_category_warn() in ruby.h... no
checking for RB_WARN_CATEGORY_DEPRECATED in ruby.h... no
creating Makefile

current directory: /home/runner/work/beginning-R/beginning-R/.vendor/bundle/ruby/2.7.0/gems/bigdecimal-3.1.4/ext/bigdecimal
make "DESTDIR=" clean
make[1]: Entering directory '/home/runner/work/beginning-R/beginning-R/.vendor/bundle/ruby/2.7.0/gems/bigdecimal-3.1.4/ext/bigdecimal'
Makefile:177: warning: overriding recipe for target 'clean'
0+V.YU:177: warning: ignoring old recipe for target 'clean'
Makefile:184: warning: overriding recipe for target 'distclean'
0+V.YU:184: warning: ignoring old recipe for target 'distclean'
Makefile:192: warning: overriding recipe for target 'install-so'
0+V.YU:192: warning: ignoring old recipe for target 'install-so'
Makefile:202: warning: overriding recipe for target 'pre-install-rb-default'
0+V.YU:202: warning: ignoring old recipe for target 'pre-install-rb-default'
Makefile:204: warning: overriding recipe for target '.sitearchdir.time'
0+V.YU:204: warning: ignoring old recipe for target '.sitearchdir.time'
Makefile:214: warning: overriding recipe for target '.cc.o'
0+V.YU:214: warning: ignoring old recipe for target '.cc.o'
Makefile:218: warning: overriding recipe for target '.cc.S'
0+V.YU:218: warning: ignoring old recipe for target '.cc.S'
Makefile:222: warning: overriding recipe for target '.mm.o'
0+V.YU:222: warning: ignoring old recipe for target '.mm.o'
Makefile:226: warning: overriding recipe for target '.mm.S'
0+V.YU:226: warning: ignoring old recipe for target '.mm.S'
Makefile:230: warning: overriding recipe for target '.cxx.o'
0+V.YU:230: warning: ignoring old recipe for target '.cxx.o'
Makefile:234: warning: overriding recipe for target '.cxx.S'
0+V.YU:234: warning: ignoring old recipe for target '.cxx.S'
Makefile:238: warning: overriding recipe for target '.cpp.o'
0+V.YU:238: warning: ignoring old recipe for target '.cpp.o'
Makefile:242: warning: overriding recipe for target '.cpp.S'
0+V.YU:242: warning: ignoring old recipe for target '.cpp.S'
Makefile:246: warning: overriding recipe for target '.c.o'
0+V.YU:246: warning: ignoring old recipe for target '.c.o'
Makefile:250: warning: overriding recipe for target '.c.S'
0+V.YU:250: warning: ignoring old recipe for target '.c.S'
Makefile:254: warning: overriding recipe for target '.m.o'
0+V.YU:254: warning: ignoring old recipe for target '.m.o'
Makefile:258: warning: overriding recipe for target '.m.S'
0+V.YU:258: warning: ignoring old recipe for target '.m.S'
Makefile:262: warning: overriding recipe for target 'bigdecimal.so'
0+V.YU:262: warning: ignoring old recipe for target 'bigdecimal.so'
make[1]: Leaving directory '/home/runner/work/beginning-R/beginning-R/.vendor/bundle/ruby/2.7.0/gems/bigdecimal-3.1.4/ext/bigdecimal'

current directory: /home/runner/work/beginning-R/beginning-R/.vendor/bundle/ruby/2.7.0/gems/bigdecimal-3.1.4/ext/bigdecimal
make "DESTDIR="
make[1]: Entering directory '/home/runner/work/beginning-R/beginning-R/.vendor/bundle/ruby/2.7.0/gems/bigdecimal-3.1.4/ext/bigdecimal'
Makefile:177: warning: overriding recipe for target 'clean'
0KÁ0ËU:177: warning: ignoring old recipe for target 'clean'
Makefile:184: warning: overriding recipe for target 'distclean'
0KÁ0ËU:184: warning: ignoring old recipe for target 'distclean'
Makefile:192: warning: overriding recipe for target 'install-so'
0KÁ0ËU:192: warning: ignoring old recipe for target 'install-so'
Makefile:202: warning: overriding recipe for target 'pre-install-rb-default'
0KÁ0ËU:202: warning: ignoring old recipe for target 'pre-install-rb-default'
Makefile:204: warning: overriding recipe for target '.sitearchdir.time'
0KÁ0ËU:204: warning: ignoring old recipe for target '.sitearchdir.time'
Makefile:214: warning: overriding recipe for target '.cc.o'
0KÁ0ËU:214: warning: ignoring old recipe for target '.cc.o'
Makefile:218: warning: overriding recipe for target '.cc.S'
0KÁ0ËU:218: warning: ignoring old recipe for target '.cc.S'
Makefile:222: warning: overriding recipe for target '.mm.o'
0KÁ0ËU:222: warning: ignoring old recipe for target '.mm.o'
Makefile:226: warning: overriding recipe for target '.mm.S'
0KÁ0ËU:226: warning: ignoring old recipe for target '.mm.S'
Makefile:230: warning: overriding recipe for target '.cxx.o'
0KÁ0ËU:230: warning: ignoring old recipe for target '.cxx.o'
Makefile:234: warning: overriding recipe for target '.cxx.S'
0KÁ0ËU:234: warning: ignoring old recipe for target '.cxx.S'
Makefile:238: warning: overriding recipe for target '.cpp.o'
0KÁ0ËU:238: warning: ignoring old recipe for target '.cpp.o'
Makefile:242: warning: overriding recipe for target '.cpp.S'
0KÁ0ËU:242: warning: ignoring old recipe for target '.cpp.S'
Makefile:246: warning: overriding recipe for target '.c.o'
0KÁ0ËU:246: warning: ignoring old recipe for target '.c.o'
Makefile:250: warning: overriding recipe for target '.c.S'
0KÁ0ËU:250: warning: ignoring old recipe for target '.c.S'
Makefile:254: warning: overriding recipe for target '.m.o'
0KÁ0ËU:254: warning: ignoring old recipe for target '.m.o'
Makefile:258: warning: overriding recipe for target '.m.S'
0KÁ0ËU:258: warning: ignoring old recipe for target '.m.S'
Makefile:262: warning: overriding recipe for target 'bigdecimal.so'
0KÁ0ËU:262: warning: ignoring old recipe for target 'bigdecimal.so'
compiling bigdecimal.c
compiling missing.c
linking shared-object bigdecimal.so
make[1]: Leaving directory '/home/runner/work/beginning-R/beginning-R/.vendor/bundle/ruby/2.7.0/gems/bigdecimal-3.1.4/ext/bigdecimal'

current directory: /home/runner/work/beginning-R/beginning-R/.vendor/bundle/ruby/2.7.0/gems/bigdecimal-3.1.4/ext/bigdecimal
make "DESTDIR=" install
make[1]: Entering directory '/home/runner/work/beginning-R/beginning-R/.vendor/bundle/ruby/2.7.0/gems/bigdecimal-3.1.4/ext/bigdecimal'
Makefile:177: warning: overriding recipe for target 'clean'
0kZ¡/V:177: warning: ignoring old recipe for target 'clean'
Makefile:184: warning: overriding recipe for target 'distclean'
0kZ¡/V:184: warning: ignoring old recipe for target 'distclean'
Makefile:192: warning: overriding recipe for target 'install-so'
0kZ¡/V:192: warning: ignoring old recipe for target 'install-so'
Makefile:202: warning: overriding recipe for target 'pre-install-rb-default'
0kZ¡/V:202: warning: ignoring old recipe for target 'pre-install-rb-default'
Makefile:204: warning: overriding recipe for target '.sitearchdir.time'
0kZ¡/V:204: warning: ignoring old recipe for target '.sitearchdir.time'
Makefile:214: warning: overriding recipe for target '.cc.o'
0kZ¡/V:214: warning: ignoring old recipe for target '.cc.o'
Makefile:218: warning: overriding recipe for target '.cc.S'
0kZ¡/V:218: warning: ignoring old recipe for target '.cc.S'
Makefile:222: warning: overriding recipe for target '.mm.o'
0kZ¡/V:222: warning: ignoring old recipe for target '.mm.o'
Makefile:226: warning: overriding recipe for target '.mm.S'
0kZ¡/V:226: warning: ignoring old recipe for target '.mm.S'
Makefile:230: warning: overriding recipe for target '.cxx.o'
0kZ¡/V:230: warning: ignoring old recipe for target '.cxx.o'
Makefile:234: warning: overriding recipe for target '.cxx.S'
0kZ¡/V:234: warning: ignoring old recipe for target '.cxx.S'
Makefile:238: warning: overriding recipe for target '.cpp.o'
0kZ¡/V:238: warning: ignoring old recipe for target '.cpp.o'
Makefile:242: warning: overriding recipe for target '.cpp.S'
0kZ¡/V:242: warning: ignoring old recipe for target '.cpp.S'
Makefile:246: warning: overriding recipe for target '.c.o'
0kZ¡/V:246: warning: ignoring old recipe for target '.c.o'
Makefile:250: warning: overriding recipe for target '.c.S'
0kZ¡/V:250: warning: ignoring old recipe for target '.c.S'
Makefile:254: warning: overriding recipe for target '.m.o'
0kZ¡/V:254: warning: ignoring old recipe for target '.m.o'
Makefile:258: warning: overriding recipe for target '.m.S'
0kZ¡/V:258: warning: ignoring old recipe for target '.m.S'
Makefile:262: warning: overriding recipe for target 'bigdecimal.so'
0kZ¡/V:262: warning: ignoring old recipe for target 'bigdecimal.so'
/usr/bin/install -c -m 0755 bigdecimal.so ./.gem.20231114-15009-1bzrlso
make[1]: Leaving directory '/home/runner/work/beginning-R/beginning-R/.vendor/bundle/ruby/2.7.0/gems/bigdecimal-3.1.4/ext/bigdecimal'
