current directory: /home/runner/work/beginning-R/beginning-R/.vendor/bundle/ruby/2.7.0/gems/commonmarker-0.23.8/ext/commonmarker
/opt/hostedtoolcache/Ruby/2.7.7/x64/bin/ruby -I /opt/hostedtoolcache/Ruby/2.7.7/x64/lib/ruby/2.7.0 -r ./siteconf20230201-15158-ob08xb.rb extconf.rb
creating Makefile

current directory: /home/runner/work/beginning-R/beginning-R/.vendor/bundle/ruby/2.7.0/gems/commonmarker-0.23.8/ext/commonmarker
make "DESTDIR=" clean
make[1]: Entering directory '/home/runner/work/beginning-R/beginning-R/.vendor/bundle/ruby/2.7.0/gems/commonmarker-0.23.8/ext/commonmarker'
Makefile:176: warning: overriding recipe for target 'clean'
`æìvHV:176: warning: ignoring old recipe for target 'clean'
Makefile:183: warning: overriding recipe for target 'distclean'
`æìvHV:183: warning: ignoring old recipe for target 'distclean'
Makefile:191: warning: overriding recipe for target 'install-so'
`æìvHV:191: warning: ignoring old recipe for target 'install-so'
Makefile:201: warning: overriding recipe for target 'pre-install-rb-default'
`æìvHV:201: warning: ignoring old recipe for target 'pre-install-rb-default'
Makefile:203: warning: overriding recipe for target '.sitearchdir.-.commonmarker.time'
`æìvHV:203: warning: ignoring old recipe for target '.sitearchdir.-.commonmarker.time'
Makefile:213: warning: overriding recipe for target '.cc.o'
`æìvHV:213: warning: ignoring old recipe for target '.cc.o'
Makefile:217: warning: overriding recipe for target '.cc.S'
`æìvHV:217: warning: ignoring old recipe for target '.cc.S'
Makefile:221: warning: overriding recipe for target '.mm.o'
`æìvHV:221: warning: ignoring old recipe for target '.mm.o'
Makefile:225: warning: overriding recipe for target '.mm.S'
`æìvHV:225: warning: ignoring old recipe for target '.mm.S'
Makefile:229: warning: overriding recipe for target '.cxx.o'
`æìvHV:229: warning: ignoring old recipe for target '.cxx.o'
Makefile:233: warning: overriding recipe for target '.cxx.S'
`æìvHV:233: warning: ignoring old recipe for target '.cxx.S'
Makefile:237: warning: overriding recipe for target '.cpp.o'
`æìvHV:237: warning: ignoring old recipe for target '.cpp.o'
Makefile:241: warning: overriding recipe for target '.cpp.S'
`æìvHV:241: warning: ignoring old recipe for target '.cpp.S'
Makefile:245: warning: overriding recipe for target '.c.o'
`æìvHV:245: warning: ignoring old recipe for target '.c.o'
Makefile:249: warning: overriding recipe for target '.c.S'
`æìvHV:249: warning: ignoring old recipe for target '.c.S'
Makefile:253: warning: overriding recipe for target '.m.o'
`æìvHV:253: warning: ignoring old recipe for target '.m.o'
Makefile:257: warning: overriding recipe for target '.m.S'
`æìvHV:257: warning: ignoring old recipe for target '.m.S'
Makefile:261: warning: overriding recipe for target 'commonmarker.so'
`æìvHV:261: warning: ignoring old recipe for target 'commonmarker.so'
make[1]: Leaving directory '/home/runner/work/beginning-R/beginning-R/.vendor/bundle/ruby/2.7.0/gems/commonmarker-0.23.8/ext/commonmarker'

current directory: /home/runner/work/beginning-R/beginning-R/.vendor/bundle/ruby/2.7.0/gems/commonmarker-0.23.8/ext/commonmarker
make "DESTDIR="
make[1]: Entering directory '/home/runner/work/beginning-R/beginning-R/.vendor/bundle/ruby/2.7.0/gems/commonmarker-0.23.8/ext/commonmarker'
Makefile:176: warning: overriding recipe for target 'clean'
`æK£U:176: warning: ignoring old recipe for target 'clean'
Makefile:183: warning: overriding recipe for target 'distclean'
`æK£U:183: warning: ignoring old recipe for target 'distclean'
Makefile:191: warning: overriding recipe for target 'install-so'
`æK£U:191: warning: ignoring old recipe for target 'install-so'
Makefile:201: warning: overriding recipe for target 'pre-install-rb-default'
`æK£U:201: warning: ignoring old recipe for target 'pre-install-rb-default'
Makefile:203: warning: overriding recipe for target '.sitearchdir.-.commonmarker.time'
`æK£U:203: warning: ignoring old recipe for target '.sitearchdir.-.commonmarker.time'
Makefile:213: warning: overriding recipe for target '.cc.o'
`æK£U:213: warning: ignoring old recipe for target '.cc.o'
Makefile:217: warning: overriding recipe for target '.cc.S'
`æK£U:217: warning: ignoring old recipe for target '.cc.S'
Makefile:221: warning: overriding recipe for target '.mm.o'
`æK£U:221: warning: ignoring old recipe for target '.mm.o'
Makefile:225: warning: overriding recipe for target '.mm.S'
`æK£U:225: warning: ignoring old recipe for target '.mm.S'
Makefile:229: warning: overriding recipe for target '.cxx.o'
`æK£U:229: warning: ignoring old recipe for target '.cxx.o'
Makefile:233: warning: overriding recipe for target '.cxx.S'
`æK£U:233: warning: ignoring old recipe for target '.cxx.S'
Makefile:237: warning: overriding recipe for target '.cpp.o'
`æK£U:237: warning: ignoring old recipe for target '.cpp.o'
Makefile:241: warning: overriding recipe for target '.cpp.S'
`æK£U:241: warning: ignoring old recipe for target '.cpp.S'
Makefile:245: warning: overriding recipe for target '.c.o'
`æK£U:245: warning: ignoring old recipe for target '.c.o'
Makefile:249: warning: overriding recipe for target '.c.S'
`æK£U:249: warning: ignoring old recipe for target '.c.S'
Makefile:253: warning: overriding recipe for target '.m.o'
`æK£U:253: warning: ignoring old recipe for target '.m.o'
Makefile:257: warning: overriding recipe for target '.m.S'
`æK£U:257: warning: ignoring old recipe for target '.m.S'
Makefile:261: warning: overriding recipe for target 'commonmarker.so'
`æK£U:261: warning: ignoring old recipe for target 'commonmarker.so'
compiling arena.c
compiling autolink.c
compiling blocks.c
compiling buffer.c
compiling cmark.c
compiling cmark_ctype.c
compiling commonmark.c
compiling commonmarker.c
In file included from houdini.h:9,
                 from commonmarker.c:3:
config.h:8: warning: "HAVE_STDBOOL_H" redefined
    8 | #define HAVE_STDBOOL_H
      | 
In file included from /opt/hostedtoolcache/Ruby/2.7.7/x64/include/ruby-2.7.0/ruby/ruby.h:24,
                 from /opt/hostedtoolcache/Ruby/2.7.7/x64/include/ruby-2.7.0/ruby.h:33,
                 from commonmarker.h:9,
                 from commonmarker.c:1:
/opt/hostedtoolcache/Ruby/2.7.7/x64/include/ruby-2.7.0/x86_64-linux/ruby/config.h:38: note: this is the location of the previous definition
   38 | #define HAVE_STDBOOL_H 1
      | 
compiling core-extensions.c
compiling ext_scanners.c
compiling footnotes.c
compiling houdini_href_e.c
compiling houdini_html_e.c
compiling houdini_html_u.c
compiling html.c
compiling inlines.c
compiling iterator.c
compiling latex.c
compiling linked_list.c
compiling man.c
compiling map.c
compiling node.c
compiling plaintext.c
compiling plugin.c
compiling references.c
compiling registry.c
compiling render.c
compiling scanners.c
compiling strikethrough.c
compiling syntax_extension.c
compiling table.c
compiling tagfilter.c
compiling tasklist.c
compiling utf8.c
compiling xml.c
linking shared-object commonmarker/commonmarker.so
make[1]: Leaving directory '/home/runner/work/beginning-R/beginning-R/.vendor/bundle/ruby/2.7.0/gems/commonmarker-0.23.8/ext/commonmarker'

current directory: /home/runner/work/beginning-R/beginning-R/.vendor/bundle/ruby/2.7.0/gems/commonmarker-0.23.8/ext/commonmarker
make "DESTDIR=" install
make[1]: Entering directory '/home/runner/work/beginning-R/beginning-R/.vendor/bundle/ruby/2.7.0/gems/commonmarker-0.23.8/ext/commonmarker'
Makefile:176: warning: overriding recipe for target 'clean'
`ö–sBV:176: warning: ignoring old recipe for target 'clean'
Makefile:183: warning: overriding recipe for target 'distclean'
`ö–sBV:183: warning: ignoring old recipe for target 'distclean'
Makefile:191: warning: overriding recipe for target 'install-so'
`ö–sBV:191: warning: ignoring old recipe for target 'install-so'
Makefile:201: warning: overriding recipe for target 'pre-install-rb-default'
`ö–sBV:201: warning: ignoring old recipe for target 'pre-install-rb-default'
Makefile:203: warning: overriding recipe for target '.sitearchdir.-.commonmarker.time'
`ö–sBV:203: warning: ignoring old recipe for target '.sitearchdir.-.commonmarker.time'
Makefile:213: warning: overriding recipe for target '.cc.o'
`ö–sBV:213: warning: ignoring old recipe for target '.cc.o'
Makefile:217: warning: overriding recipe for target '.cc.S'
`ö–sBV:217: warning: ignoring old recipe for target '.cc.S'
Makefile:221: warning: overriding recipe for target '.mm.o'
`ö–sBV:221: warning: ignoring old recipe for target '.mm.o'
Makefile:225: warning: overriding recipe for target '.mm.S'
`ö–sBV:225: warning: ignoring old recipe for target '.mm.S'
Makefile:229: warning: overriding recipe for target '.cxx.o'
`ö–sBV:229: warning: ignoring old recipe for target '.cxx.o'
Makefile:233: warning: overriding recipe for target '.cxx.S'
`ö–sBV:233: warning: ignoring old recipe for target '.cxx.S'
Makefile:237: warning: overriding recipe for target '.cpp.o'
`ö–sBV:237: warning: ignoring old recipe for target '.cpp.o'
Makefile:241: warning: overriding recipe for target '.cpp.S'
`ö–sBV:241: warning: ignoring old recipe for target '.cpp.S'
Makefile:245: warning: overriding recipe for target '.c.o'
`ö–sBV:245: warning: ignoring old recipe for target '.c.o'
Makefile:249: warning: overriding recipe for target '.c.S'
`ö–sBV:249: warning: ignoring old recipe for target '.c.S'
Makefile:253: warning: overriding recipe for target '.m.o'
`ö–sBV:253: warning: ignoring old recipe for target '.m.o'
Makefile:257: warning: overriding recipe for target '.m.S'
`ö–sBV:257: warning: ignoring old recipe for target '.m.S'
Makefile:261: warning: overriding recipe for target 'commonmarker.so'
`ö–sBV:261: warning: ignoring old recipe for target 'commonmarker.so'
/usr/bin/install -c -m 0755 commonmarker.so ./.gem.20230201-15158-uwz72g/commonmarker
make[1]: Leaving directory '/home/runner/work/beginning-R/beginning-R/.vendor/bundle/ruby/2.7.0/gems/commonmarker-0.23.8/ext/commonmarker'
